2020-05-10 04:37:54 | 142723001sy61b Administrator
2020-05-10 04:38:22 | 142154001cc61b Administrator
2020-05-10 04:38:26 | 142154001ly61b Administrator
2020-05-10 04:38:32 | 142128001pl61b Administrator
2020-05-10 04:38:37 | 142029001ic61b Administrator
2020-05-10 04:38:57 | 141998001kb61b Administrator
2020-05-10 05:27:35 | 142358001jc61b Administrator
2020-05-10 05:27:48 | 142355001up61b Administrator
2020-05-10 05:27:56 | 142023001fj61b Administrator
2020-05-10 05:28:08 | 141947001um61b Administrator
2020-05-10 05:28:13 | 141998002gp60b Administrator
2020-05-10 05:28:17 | 141998001gp61b Administrator
2020-05-10 05:28:21 | 141998001uo61b Administrator
2020-05-10 05:28:26 | 141970001re61b Administrator
2020-05-10 05:28:31 | 141949001sn61b Administrator
2020-05-10 06:48:18 | 143021001mi61b Administrator
2020-05-10 06:48:28 | 143021002mi60b Administrator
2020-05-10 08:00:46 | 130648001ws61b Administrator
2020-05-10 08:01:02 | 130648001jc61b Administrator
2020-05-10 08:01:26 | 130643002mn60b Administrator
2020-05-10 08:05:27 | 131749001wu61b Administrator
2020-05-10 08:14:29 | 143083001df61b Administrator
2020-05-10 08:15:02 | 143082001wx61b Administrator
2020-05-10 08:15:11 | 143083002xh60b Administrator
2020-05-10 08:15:20 | 143083001xh61b Administrator
2020-05-11 05:26:14 | 143249001lt61b Administrator
2020-05-11 05:27:20 | 143348001jl61b Administrator
2020-05-11 05:33:25 | 143743001cy61b Administrator
2020-05-11 05:36:31 | 144254001ww61b Administrator
2020-05-11 06:21:40 | 144276001yy61b Administrator
2020-05-11 07:58:36 | 144534001ja61b Administrator
2020-05-11 14:57:16 | 144932002dn60b Administrator
2020-05-11 14:57:22 | 144932001wr61b Administrator
2020-05-11 15:07:20 | 143093001pd61b Administrator
2020-05-11 15:13:47 | 144761001ad61b Administrator
2020-05-11 15:13:54 | 144761001al61b Administrator
2020-05-11 15:14:00 | 144761002am60b Administrator
2020-05-12 06:41:28 | 145641001wm61b Administrator
2020-05-12 07:22:29 | 145901001oe61b Administrator
2020-05-12 07:32:23 | 145845001ai61b Administrator
2020-05-12 08:24:55 | 145980001fn61b Administrator
2020-05-12 08:42:01 | 145718001ec61b Administrator
2020-05-12 08:42:11 | 145752001rs61b Administrator
2020-05-12 08:54:48 | 145675001hd61b Administrator
2020-05-12 10:35:36 | 145949001re61b Administrator
2020-05-12 10:38:43 | 146030001ty61b Administrator
2020-05-12 10:38:52 | 145963001er61b Administrator
2020-05-12 10:38:58 | 145954001dg61b Administrator
2020-05-12 10:39:33 | 145953001sw61b Administrator
2020-05-12 10:39:41 | 145954001nr61b Administrator
2020-05-12 10:40:06 | 145960001ku61b Administrator
2020-05-12 10:41:32 | 146017001gu61b Administrator
2020-05-12 10:53:00 | 145947001mm61b Administrator
2020-05-12 11:56:08 | 146196001ax61b Administrator
2020-05-12 12:00:56 | 146189001kb61b Administrator
2020-05-12 12:04:01 | 146171001aa61b Administrator
2020-05-12 12:05:18 | 146178001wp61b Administrator
2020-05-12 12:05:41 | 146071001pt61b Administrator
2020-05-12 16:10:59 | 146371001yn61b Administrator
2020-05-12 16:11:08 | 146367001dn61b Administrator
2020-05-12 16:20:05 | 146470001bf61b Administrator
2020-05-12 16:20:17 | 146468001yd61b Administrator
2020-05-12 16:21:10 | 146465001oe61b Administrator
2020-05-12 16:46:13 | 146330001tj61b Administrator
2020-05-12 16:46:23 | 146330001ef61b Administrator
2020-05-13 03:29:10 | 146805001yb61b Administrator
2020-05-13 04:12:42 | 147173001sg61b Administrator
2020-05-13 04:21:54 | 147040001ns61b Administrator
2020-05-13 04:52:06 | 147160002oe60b Administrator
2020-05-13 06:13:53 | 147241002xr60b Administrator
2020-05-13 06:33:01 | 147202001mf61b Administrator
2020-05-13 06:59:51 | 147337001dd61b Administrator
2020-05-13 07:00:20 | 147353001rw61b Administrator
2020-05-13 07:00:29 | 147322001br61b Administrator
2020-05-13 07:01:45 | 147319001gn61b Administrator
2020-05-13 07:01:52 | 147313001jt61b Administrator
2020-05-13 07:01:58 | 147312001bu61b Administrator
2020-05-13 07:02:05 | 147309001js61b Administrator
2020-05-13 07:02:12 | 147319001og61b Administrator
2020-05-13 07:02:19 | 147333001ju61b Administrator
2020-05-13 07:02:25 | 147328001od61b Administrator
2020-05-13 07:02:31 | 147328001ru61b Administrator
2020-05-13 07:02:39 | 147336001tk61b Administrator
2020-05-13 07:02:45 | 147334001bp61b Administrator
2020-05-13 07:06:40 | 147257001on61b Administrator
2020-05-13 07:06:51 | 147251001to61b Administrator
2020-05-13 07:11:36 | 147210001lj61b Administrator
2020-05-13 07:13:24 | 147357001oc61b Administrator
2020-05-13 07:13:29 | 147358001jr61b Administrator
2020-05-13 07:13:35 | 147357001yw61b Administrator
2020-05-13 07:14:20 | 147362001am61b Administrator
2020-05-13 07:14:28 | 147355001kj61b Administrator
2020-05-13 09:17:53 | 147471001ff61b Administrator
2020-05-13 09:17:57 | 147469001ts61b Administrator
2020-05-13 09:18:01 | 147468001da61b Administrator
2020-05-13 09:18:39 | 147407001re61b Administrator
2020-05-13 09:18:43 | 147406001sh61b Administrator
2020-05-13 10:00:51 | 147377001an61b Administrator
2020-05-13 10:01:03 | 147377001dy61b Administrator
2020-05-13 10:08:33 | 147474001mk61b Administrator
2020-05-13 10:27:05 | 147548001uh61b Administrator
2020-05-13 10:27:17 | 147548001en61b Administrator
2020-05-13 10:28:30 | 147465001tw61b Administrator
2020-05-13 10:28:36 | 147463001un61b Administrator
2020-05-13 10:28:43 | 147462001bm61b Administrator
2020-05-13 10:29:12 | 147273001it61b Administrator
2020-05-13 10:29:25 | 147263001fn61b Administrator
2020-05-13 10:39:49 | 147424001es61b Administrator
2020-05-13 10:47:31 | 147252001os61b Administrator
2020-05-13 10:47:59 | 147224001wl61b Administrator
2020-05-13 11:01:30 | 147465001ie61b Administrator
2020-05-13 11:02:06 | 147544001cs61b Administrator
2020-05-13 11:52:01 | 147587001wf61b Administrator
2020-05-13 11:58:56 | 147510001ll61b Administrator
2020-05-13 14:23:20 | 147725001bi61b Administrator
2020-05-14 08:36:48 | 148693001au61b Administrator
2020-05-14 10:22:16 | 148872001io61b Administrator
2020-05-14 11:01:51 | 149008001xu61b Administrator
2020-05-14 11:20:27 | 149015001px61b Administrator
2020-05-15 03:24:20 | 149213001fp61b Administrator
2020-05-15 03:28:32 | 149298001nj61b Administrator
2020-05-15 04:30:15 | 149988001wd61b Administrator
2020-05-15 04:30:23 | 149928001io61b Administrator
2020-05-15 04:45:14 | 149373001js61b Administrator
2020-05-15 04:45:21 | 149362001aj61b Administrator
2020-05-15 04:48:54 | 150104001wt61b Administrator
2020-05-15 04:48:58 | 150104001sy61b Administrator
2020-05-15 04:49:05 | 150101001su61b Administrator
2020-05-15 04:56:07 | 149373001lk61b Administrator
2020-05-15 05:56:25 | 150164001cr61b Administrator
2020-05-15 06:50:46 | 150183001mg61b Administrator
2020-05-15 10:26:05 | 150428001dj61b Administrator
2020-05-15 10:38:47 | 150194001mx61b Administrator
2020-05-15 10:38:56 | 150167001xy61b Administrator
2020-05-15 10:39:47 | 150127001wm61b Administrator
2020-05-15 10:42:29 | 150120001kl61b Administrator
2020-05-15 10:42:34 | 150120001jj61b Administrator
2020-05-15 10:42:44 | 150120002um60b Administrator
2020-05-15 11:12:14 | 150462001by61b Administrator
2020-05-15 11:12:19 | 150450001cx61b Administrator
2020-05-15 11:57:22 | 150512001ua61b Administrator
2020-05-15 12:17:41 | 150542002oy60b Administrator
2020-05-15 13:01:13 | 150573002ma60b Administrator
2020-05-15 13:09:15 | 150604001sc61b Administrator
2020-05-15 13:15:31 | 150342001ss61b Administrator
2020-05-15 13:15:38 | 150325001gn61b Administrator
2020-05-15 13:15:57 | 150316001or61b Administrator
2020-05-15 13:54:59 | 148836001ed61b Administrator
2020-05-16 04:06:00 | 151366001fw61b Administrator
2020-05-16 04:33:01 | 151475001la61b Administrator
2020-05-16 07:23:21 | 151696001ft61b Administrator
2020-05-16 07:23:25 | 151696001ft61b Administrator
2020-05-16 07:23:31 | 151696001fn61b Administrator
2020-05-16 07:23:39 | 151696001fn61b Administrator
2020-05-16 07:30:21 | 151688001gm61b Administrator
2020-05-16 07:30:25 | 151685001xf61b Administrator
2020-05-16 07:37:33 | 151712001bb61b Administrator
2020-05-16 08:12:16 | 151741001km61b Administrator
2020-05-16 09:45:55 | 151456001dy61b Administrator
2020-05-16 10:10:57 | 151801001xj61b Administrator
2020-05-16 10:42:01 | 151872001yx61b Administrator
2020-05-16 11:40:41 | 151937001ua61b Administrator
2020-05-16 14:13:37 | 152100001iu61b Administrator
2020-05-17 04:41:05 | 152882001nf61b Administrator
2020-05-17 04:57:06 | 152167001wg61b Administrator
2020-05-17 05:02:57 | 152196001cx61b Administrator
2020-05-17 05:07:20 | 152263001xw61b Administrator
2020-05-17 05:07:25 | 152257001ke61b Administrator
2020-05-17 05:57:28 | 152361001cj61b Administrator
2020-05-17 06:11:39 | 152731001oj61b Administrator
2020-05-17 06:11:43 | 152731001bd61b Administrator
2020-05-17 06:11:47 | 152731001pw61b Administrator
2020-05-17 06:20:53 | 152794001xc61b Administrator
2020-05-17 06:21:32 | 153076003jr61b Administrator
2020-05-17 06:21:34 | 153076002ix60b Administrator
2020-05-17 06:21:37 | 153076002yy60b Administrator
2020-05-17 06:21:40 | 153076001we61b Administrator
2020-05-17 06:21:43 | 153076002jr60b Administrator
2020-05-17 06:21:46 | 153076001ix61b Administrator
2020-05-17 06:21:51 | 153076001yy61b Administrator
2020-05-17 06:21:55 | 153072001oe61b Administrator
2020-05-17 06:31:53 | 152800001ma61b Administrator
2020-05-17 06:43:19 | 152794001im61b Administrator
2020-05-17 08:05:32 | 153141001ty61b Administrator
2020-05-17 08:05:36 | 153141001pp61b Administrator
2020-05-17 08:05:42 | 153138001si61b Administrator
2020-05-17 08:07:02 | 153120001or61b Administrator
2020-05-17 08:07:09 | 153106002rm60b Administrator
2020-05-17 08:16:26 | 153186002df60b Administrator
2020-05-17 08:18:46 | 153191001xk61b Administrator
2020-05-17 10:05:20 | 153241001lw61b Administrator
2020-05-17 10:16:06 | 153210001tw61b Administrator
2020-05-17 10:16:11 | 153189001mt61b Administrator
2020-05-17 10:16:16 | 153187001jm61b Administrator
2020-05-17 10:16:26 | 153303001jb61b Administrator
2020-05-17 12:35:21 | 153428001oj61b Administrator
2020-05-17 12:35:27 | 153414001ii61b Administrator
2020-05-17 12:45:45 | 153437001st61b Administrator
2020-05-17 13:32:50 | 152424001es61b Administrator
2020-05-17 13:36:00 | 152376001di61b Administrator
2020-05-17 13:48:04 | 153512001ba61b Administrator
2020-05-17 13:56:43 | 153519001kh61b Administrator
2020-05-17 13:58:24 | 153522001pt61b Administrator
2020-05-17 16:50:17 | 153601001ow61b Administrator
2020-05-17 16:56:22 | 153662001fa61b Administrator
2020-05-17 16:56:30 | 153662001id61b Administrator
2020-05-17 16:56:34 | 153662001ca61b Administrator
2020-05-17 16:56:38 | 153662001gr61b Administrator
2020-05-17 17:12:35 | 153684001ag61b Administrator
2020-05-17 17:12:41 | 153684001ju61b Administrator
2020-05-17 17:21:03 | 153335001wn61b Administrator
2020-05-17 17:25:15 | 153731001pi61b Administrator
2020-05-17 17:25:22 | 153733001bx61b Administrator
2020-05-17 17:25:32 | 153743001nm61b Administrator
2020-05-17 17:43:39 | 153464001as61b Administrator
2020-05-17 17:44:04 | 153299001eu61b Administrator
2020-05-18 03:48:13 | 564945001yt1a Administrator
2020-05-18 04:23:50 | 153827001fh61b Administrator
2020-05-18 04:23:57 | 153807001cn61b Administrator
2020-05-18 04:32:38 | 153940001wx61b Administrator
2020-05-18 05:09:07 | 151828001ua61b Administrator
2020-05-18 05:09:11 | 151812001gy61b Administrator
2020-05-18 07:40:24 | 154376001ip61b Administrator
2020-05-18 08:10:58 | 152097002ea60b Administrator
2020-05-18 08:11:02 | 152094001bd61b Administrator
2020-05-18 08:28:41 | 154580001eb61b Administrator
2020-05-18 09:33:20 | 154564001ju61b Administrator
2020-05-18 09:41:45 | 154559001sk61b Administrator
2020-05-18 09:48:38 | 154190001mc61b Administrator
2020-05-18 10:39:11 | 154387001sk61b Administrator
2020-05-18 11:09:40 | 154442001ln61b Administrator
2020-05-18 11:09:44 | 154438001pp61b Administrator
2020-05-18 11:09:48 | 154438001ci61b Administrator
2020-05-18 11:11:18 | 154442001hm61b Administrator
2020-05-18 11:33:13 | 154524001ku61b Administrator
2020-05-18 11:52:03 | 154476001xr61b Administrator
2020-05-18 12:26:33 | 154702002xb60b Administrator
2020-05-18 12:26:37 | 154702001xb61b Administrator
2020-05-18 12:27:26 | 154676001ws61b Administrator
2020-05-18 12:27:47 | 154636001bi61b Administrator
2020-05-18 12:27:51 | 154638001dg61b Administrator
2020-05-18 12:44:46 | 154771001ix61b Administrator
2020-05-18 13:25:55 | 154668001ha61b Administrator
2020-05-18 13:26:02 | 154672001cp61b Administrator
2020-05-18 13:43:40 | 154722001wb61b Administrator
2020-05-18 13:55:09 | 154738001ey61b Administrator
2020-05-18 13:55:19 | 154727001we61b Administrator
2020-05-18 13:59:05 | 154724001ak61b Administrator
2020-05-18 14:01:42 | 154757001nj61b Administrator
2020-05-18 14:04:26 | 154767001bh61b Administrator
2020-05-18 14:37:28 | 154838002xm60b Administrator
2020-05-18 15:03:29 | 154898002kj60b Administrator
2020-05-18 15:03:33 | 154898001pt61b Administrator
2020-05-18 15:06:22 | 154911001cu61b Administrator
2020-05-18 15:06:27 | 154911002bs60b Administrator
2020-05-18 15:09:40 | 154965001dd61b Administrator
2020-05-18 15:09:46 | 154965001dd61b Administrator
2020-05-18 15:28:40 | 155064001ll61b Administrator
2020-05-19 03:52:13 | 155121001wy61b Administrator
2020-05-19 03:52:19 | 155121001gm61b Administrator
2020-05-19 03:52:24 | 155120001gh61b Administrator
2020-05-19 03:52:29 | 155120001ya61b Administrator
2020-05-19 03:52:40 | 155148001sc61b Administrator
2020-05-19 03:54:19 | 155335001hk61b Administrator
2020-05-19 03:54:24 | 155329001ds61b Administrator
2020-05-19 03:54:29 | 155324001pu61b Administrator
2020-05-19 03:54:35 | 155299001nw61b Administrator
2020-05-19 03:54:39 | 155296001lw61b Administrator
2020-05-19 03:54:42 | 155293001by61b Administrator
2020-05-19 03:55:07 | 155278001hy61b Administrator
2020-05-19 03:55:13 | 155278001cd61b Administrator
2020-05-19 03:58:06 | 155627001fl61b Administrator
2020-05-19 03:58:12 | 155373001mo61b Administrator
2020-05-19 04:41:28 | 155291001sw61b Administrator
2020-05-19 04:57:28 | 155225001dk61b Administrator
2020-05-19 07:08:28 | 155914001kn61b Administrator
2020-05-19 07:08:33 | 155914001bx61b Administrator
2020-05-19 07:08:40 | 155914001hg61b Administrator
2020-05-19 07:08:44 | 155914001ar61b Administrator
2020-05-19 07:09:44 | 155919001ht61b Administrator
2020-05-19 07:09:50 | 155930001ad61b Administrator
2020-05-19 07:10:51 | 155943001ic61b Administrator
2020-05-19 07:14:37 | 155954001ju61b Administrator
2020-05-19 07:14:47 | 155954001he61b Administrator
2020-05-19 07:23:18 | 155989001wb61b Administrator
2020-05-19 07:27:26 | 156000001oc61b Administrator
2020-05-19 07:38:56 | 156032002af60b Administrator
2020-05-19 07:38:59 | 156032002mh60b Administrator
2020-05-19 07:39:03 | 156032001le61b Administrator
2020-05-19 07:40:51 | 156008001mw61b Administrator
2020-05-19 07:45:37 | 155844001fo61b Administrator
2020-05-19 07:45:42 | 155827001dw61b Administrator
2020-05-19 07:49:24 | 156032003af61b Administrator
2020-05-19 07:49:28 | 156032001mh61b Administrator
2020-05-19 07:49:36 | 156032001su61b Administrator
2020-05-19 07:49:40 | 156032002su60b Administrator
2020-05-19 07:50:06 | 156037001oo61b Administrator
2020-05-19 07:53:43 | 156046001ow61b Administrator
2020-05-19 08:05:55 | 156045001ki61b Administrator
2020-05-19 10:50:15 | 155943001ya61b Administrator
2020-05-20 07:03:43 | 156474002xf60b Administrator
2020-05-20 07:49:41 | 156478001ro61b Administrator
2020-05-20 11:42:37 | 157638002sc60b Administrator
2020-05-20 11:42:41 | 157638002tg60b Administrator
2020-05-20 11:42:45 | 157638001df61b Administrator
2020-05-20 11:42:48 | 157638002wa60b Administrator
2020-05-20 11:42:51 | 157638001tg61b Administrator
2020-05-20 11:42:54 | 157638001sc61b Administrator
2020-05-20 11:43:00 | 157638001sj61b Administrator
2020-05-20 11:55:10 | 157428001xo61b Administrator
2020-05-22 08:43:05 | 159277001wu61b Administrator
2020-05-23 13:23:26 | 162140003pn61b Administrator
2020-05-23 13:23:30 | 162140002pn60b Administrator
2020-05-23 13:23:34 | 162140002al60b Administrator
2020-05-23 13:23:38 | 162140001xh61b Administrator
2020-05-23 13:23:45 | 162140001pn61b Administrator
2020-05-23 13:23:49 | 162140001al61b Administrator
2020-05-23 13:23:53 | 162139005ff61b Administrator
2020-05-23 13:24:00 | 162139004ff60b Administrator
2020-05-23 13:24:04 | 162139003ff61b Administrator
2020-05-23 13:24:08 | 162139001be61b Administrator
2020-05-23 13:24:13 | 162139002ip60b Administrator
2020-05-23 13:24:19 | 162139001kr61b Administrator
2020-05-23 13:24:24 | 162139002ff60b Administrator
2020-05-23 13:24:28 | 162139001ip61b Administrator
2020-05-23 13:24:32 | 162139001ff61b Administrator
2020-05-23 13:24:50 | 162136001tt61b Administrator
2020-05-23 13:24:55 | 162135001mk61b Administrator
2020-05-23 13:25:00 | 162121001dh61b Administrator
2020-05-23 13:25:08 | 162105001in61b Administrator
2020-05-23 13:48:11 | 161969001ys61b Administrator
2020-05-23 13:48:15 | 161969001oy61b Administrator
2020-05-23 13:48:18 | 161968001by61b Administrator
2020-05-23 13:48:21 | 161969002oy60b Administrator
2020-05-23 13:48:25 | 161969001lb61b Administrator
2020-05-23 13:48:29 | 161968002sj60b Administrator
2020-05-23 13:48:33 | 161968001xy61b Administrator
2020-05-23 13:48:36 | 161968001sj61b Administrator
2020-05-23 13:48:40 | 161968001fn61b Administrator
2020-05-23 13:48:44 | 161969001cm61b Administrator
2020-05-23 13:49:01 | 161960001nr61b Administrator
2020-05-23 13:49:05 | 161959004wj60b Administrator
2020-05-23 13:49:09 | 161960001jg61b Administrator
2020-05-23 13:49:12 | 161959003wj61b Administrator
2020-05-23 13:49:15 | 161960002nr60b Administrator
2020-05-23 13:49:21 | 161959001ph61b Administrator
2020-05-23 13:49:24 | 161959002wj60b Administrator
2020-05-23 13:49:28 | 161959001wj61b Administrator
2020-05-23 13:49:32 | 161959001jh61b Administrator
2020-05-23 13:49:39 | 161947001ao61b Administrator
2020-05-23 13:50:45 | 161961001xg61b Administrator
2020-05-24 05:09:37 | 162938001hg61b Administrator
2020-05-24 05:09:43 | 162932001cf61b Administrator
2020-05-24 05:09:48 | 162929001ck61b Administrator
2020-05-29 04:13:47 | 169583001gj61b Administrator
2020-06-08 05:53:18 | 184728001to61b Administrator
2020-06-09 17:06:12 | 186396001gm61b Administrator
2020-06-15 09:42:42 | 194941001wf61b Administrator
2020-06-16 07:53:30 | 195676001rp61b Administrator
2020-06-17 14:56:18 | 198225001eu61b Administrator
2020-06-18 11:14:44 | 199105001hn61b Administrator
2020-06-18 14:16:44 | 199502001ko61b Administrator
2020-06-19 16:01:33 | 200889001th61b Administrator
2020-06-22 16:26:11 | 205511001lg61b Administrator
2020-06-28 05:42:17 | 212730001ex61b Administrator
2020-06-28 09:53:18 | 213592001oe61b Administrator
2020-06-28 09:53:26 | 213590001nd61b Administrator
2020-06-29 07:19:40 | 215007001fd61b Administrator
2020-06-29 07:19:50 | 215001001sc61b Administrator
2020-06-29 07:56:03 | 214920001tw61b Administrator
2020-06-29 09:16:29 | 215156001nr61b Administrator
2020-06-30 05:48:28 | 216355001bt61b Administrator
2020-07-01 08:00:19 | 217979001ak61b Administrator
2020-07-01 08:07:21 | 217983001hm61b Administrator
2020-07-02 05:01:55 | 218405001cf61b Administrator
2020-07-02 05:55:48 | 219289001ec61b Administrator
2020-07-05 07:40:19 | 223716001gx61b Administrator
2020-07-05 13:16:33 | 224045001hu61b Administrator
2020-07-05 13:16:37 | 224044001fl61b Administrator
2020-07-05 13:22:54 | 224061001gp61b Administrator
2020-07-06 13:08:22 | 225484001ni61b Administrator
2020-07-07 10:06:06 | 226706001ki61b Administrator
2020-07-07 13:15:24 | 226862001ig61b Administrator
2020-07-08 10:12:46 | 228165001wi61b Administrator
