2020-06-05 06:18:07 | 180400001iu61b Administrator
2020-06-06 01:08:52 | 179375010ui60b Administrator
2020-06-06 01:08:59 | 179375002ui60b Administrator
2020-06-06 01:09:03 | 179375001ui61b Administrator
2020-06-06 01:09:08 | 179374002af60b Administrator
2020-06-06 01:09:14 | 179375030ui60b Administrator
2020-06-06 01:09:18 | 179375031ui61b Administrator
2020-06-06 01:09:25 | 179375011ui61b Administrator
2020-06-06 01:09:29 | 179374003af61b Administrator
2020-06-06 01:09:33 | 177950001in61b Administrator
2020-06-06 01:09:41 | 179374004af60b Administrator
2020-06-06 01:09:44 | 179374023af61b Administrator
2020-06-06 01:09:51 | 179374022af60b Administrator
2020-06-06 05:28:58 | 179375030ui60b Administrator
2020-06-06 06:38:55 | 177937001te61b Administrator
2020-06-06 06:38:59 | 179374007af61b Administrator
2020-06-06 06:39:04 | 179374007af61b Administrator
2020-06-06 06:39:09 | 179374019af61b Administrator
2020-06-06 06:39:26 | 179374019af61b Administrator
2020-06-06 06:39:30 | 179375015ui61b Administrator
2020-06-06 06:39:35 | 179375015ui61b Administrator
2020-06-06 06:41:18 | 179375014ui60b Administrator
2020-06-06 06:41:22 | 179375013ui61b Administrator
2020-06-06 06:41:27 | 179374018af60b Administrator
2020-06-06 06:41:32 | 179374006af60b Administrator
2020-06-06 06:41:37 | 179374005af61b Administrator
2020-06-06 06:41:41 | 177941001mm61b Administrator
2020-06-06 06:44:14 | 179375029ui61b Administrator
2020-06-06 06:45:01 | 179374021af61b Administrator
2020-06-06 06:45:28 | 179374021af61b Administrator
2020-06-06 06:45:54 | 179375006ui60b Administrator
2020-06-06 06:45:57 | 179375006ui60b Administrator
2020-06-06 06:45:59 | 179374020af60b Administrator
2020-06-06 06:46:03 | 179374020af60b Administrator
2020-06-06 06:46:05 | 177782001wb61b Administrator
2020-06-06 06:46:10 | 177782001wb61b Administrator
2020-06-06 06:47:07 | 179375021ui61b Administrator
2020-06-06 06:48:52 | 179375008ui60b Administrator
2020-06-06 06:48:55 | 179375008ui60b Administrator
2020-06-06 06:48:58 | 179374013af61b Administrator
2020-06-06 06:49:03 | 179374013af61b Administrator
2020-06-06 06:53:42 | 179375025ui61b Administrator
2020-06-06 06:53:45 | 179375025ui61b Administrator
2020-06-06 06:53:48 | 179375024ui60b Administrator
2020-06-06 06:53:51 | 179375024ui60b Administrator
2020-06-06 06:53:53 | 179375023ui61b Administrator
2020-06-06 06:53:58 | 179375023ui61b Administrator
2020-06-06 06:54:08 | 179374015af61b Administrator
2020-06-06 06:54:11 | 179374016af60b Administrator
2020-06-06 06:54:14 | 179374016af60b Administrator
2020-06-06 06:54:19 | 177760001el61b Administrator
2020-06-06 06:54:21 | 177760001el61b Administrator
2020-06-06 06:54:25 | 179374017af61b Administrator
2020-06-06 06:54:27 | 179374017af61b Administrator
2020-06-06 06:54:30 | 179375009ui61b Administrator
2020-06-06 06:54:33 | 179375009ui61b Administrator
2020-06-06 13:32:36 | 182164001gh61b Administrator
